android/app/build/intermediates/manifest_merge_blame_file/release/manifest-merger-blame-release-report.txt
1<?xml version="1.0" encoding="utf-8"?>
2<manifest xmlns:android="http://schemas.android.com/apk/res/android"
3    package="com.plantit"
4    android:versionCode="1"
5    android:versionName="1.0" >
6
7    <uses-sdk
8        android:minSdkVersion="21"
9        android:targetSdkVersion="34" />
10
11    <uses-permission android:name="android.permission.INTERNET" />
11-->src\main\AndroidManifest.xml:3:5-67
11-->src\main\AndroidManifest.xml:3:22-64
12    <uses-permission android:name="android.permission.CAMERA" />
12-->src\main\AndroidManifest.xml:4:5-65
12-->src\main\AndroidManifest.xml:4:22-62
13    <uses-permission android:name="android.permission.WRITE_EXTERNAL_STORAGE" />
13-->src\main\AndroidManifest.xml:5:5-81
13-->src\main\AndroidManifest.xml:5:22-78
14    <uses-permission android:name="android.permission.WAKE_LOCK" />
14-->[:react-native-firebase_auth] AndroidManifest.xml:8:5-68
14-->[:react-native-firebase_auth] AndroidManifest.xml:8:22-65
15    <uses-permission android:name="android.permission.ACCESS_NETWORK_STATE" />
15-->[:react-native-firebase_auth] AndroidManifest.xml:9:5-79
15-->[:react-native-firebase_auth] AndroidManifest.xml:9:22-76
16
17    <queries>
17-->[com.razorpay:checkout:1.6.38] AndroidManifest.xml:10:5-39:15
18        <intent>
18-->[com.razorpay:checkout:1.6.38] AndroidManifest.xml:11:9-17:18
19            <action android:name="android.intent.action.VIEW" />
19-->[com.google.firebase:firebase-auth:22.3.1] AndroidManifest.xml:36:17-69
19-->[com.google.firebase:firebase-auth:22.3.1] AndroidManifest.xml:36:25-66
20
21            <data
21-->[com.google.firebase:firebase-auth:22.3.1] AndroidManifest.xml:41:17-44:51
22                android:mimeType="*/*"
23                android:scheme="*" />
23-->[com.google.firebase:firebase-auth:22.3.1] AndroidManifest.xml:44:21-48
24        </intent>
25        <intent>
25-->[com.razorpay:checkout:1.6.38] AndroidManifest.xml:18:9-27:18
26            <action android:name="android.intent.action.VIEW" />
26-->[com.google.firebase:firebase-auth:22.3.1] AndroidManifest.xml:36:17-69
26-->[com.google.firebase:firebase-auth:22.3.1] AndroidManifest.xml:36:25-66
27
28            <category android:name="android.intent.category.BROWSABLE" />
28-->[com.google.firebase:firebase-auth:22.3.1] AndroidManifest.xml:39:17-78
28-->[com.google.firebase:firebase-auth:22.3.1] AndroidManifest.xml:39:27-75
29
30            <data
30-->[com.google.firebase:firebase-auth:22.3.1] AndroidManifest.xml:41:17-44:51
31                android:host="pay"
31-->[com.google.firebase:firebase-auth:22.3.1] AndroidManifest.xml:42:21-49
32                android:mimeType="*/*"
33                android:scheme="upi" />
33-->[com.google.firebase:firebase-auth:22.3.1] AndroidManifest.xml:44:21-48
34        </intent>
35        <intent>
35-->[com.razorpay:checkout:1.6.38] AndroidManifest.xml:28:9-30:18
36            <action android:name="android.intent.action.MAIN" />
36-->src\main\AndroidManifest.xml:22:13-65
36-->src\main\AndroidManifest.xml:22:21-62
37        </intent>
38        <intent>
38-->[com.razorpay:checkout:1.6.38] AndroidManifest.xml:31:9-35:18
39            <action android:name="android.intent.action.SEND" />
39-->[com.razorpay:checkout:1.6.38] AndroidManifest.xml:32:13-65
39-->[com.razorpay:checkout:1.6.38] AndroidManifest.xml:32:21-62
40
41            <data android:mimeType="*/*" />
41-->[com.google.firebase:firebase-auth:22.3.1] AndroidManifest.xml:41:17-44:51
42        </intent>
43        <intent>
43-->[com.razorpay:checkout:1.6.38] AndroidManifest.xml:36:9-38:18
44            <action android:name="rzp.device_token.share" />
44-->[com.razorpay:checkout:1.6.38] AndroidManifest.xml:37:13-61
44-->[com.razorpay:checkout:1.6.38] AndroidManifest.xml:37:21-58
45        </intent>
46    </queries>
47
48    <uses-permission android:name="com.google.android.providers.gsf.permission.READ_GSERVICES" />
48-->[com.google.android.recaptcha:recaptcha:18.4.0] AndroidManifest.xml:9:5-98
48-->[com.google.android.recaptcha:recaptcha:18.4.0] AndroidManifest.xml:9:22-95
49
50    <uses-feature
50-->[com.google.android.gms:play-services-maps:17.0.0] AndroidManifest.xml:26:5-28:35
51        android:glEsVersion="0x00020000"
51-->[com.google.android.gms:play-services-maps:17.0.0] AndroidManifest.xml:27:9-41
52        android:required="true" />
52-->[com.google.android.gms:play-services-maps:17.0.0] AndroidManifest.xml:28:9-32
53
54    <permission
54-->[androidx.core:core:1.9.0] AndroidManifest.xml:22:5-24:47
55        android:name="com.plantit.DYNAMIC_RECEIVER_NOT_EXPORTED_PERMISSION"
55-->[androidx.core:core:1.9.0] AndroidManifest.xml:23:9-81
56        android:protectionLevel="signature" />
56-->[androidx.core:core:1.9.0] AndroidManifest.xml:24:9-44
57
58    <uses-permission android:name="com.plantit.DYNAMIC_RECEIVER_NOT_EXPORTED_PERMISSION" />
58-->[androidx.core:core:1.9.0] AndroidManifest.xml:26:5-97
58-->[androidx.core:core:1.9.0] AndroidManifest.xml:26:22-94
59
60    <application
60-->src\main\AndroidManifest.xml:7:5-26:19
61        android:name="com.plantit.MainApplication"
61-->src\main\AndroidManifest.xml:8:7-38
62        android:allowBackup="false"
62-->src\main\AndroidManifest.xml:12:7-34
63        android:appComponentFactory="androidx.core.app.CoreComponentFactory"
63-->[androidx.core:core:1.9.0] AndroidManifest.xml:28:18-86
64        android:extractNativeLibs="true"
65        android:icon="@mipmap/ic_launcher"
65-->src\main\AndroidManifest.xml:10:7-41
66        android:label="@string/app_name"
66-->src\main\AndroidManifest.xml:9:7-39
67        android:roundIcon="@mipmap/ic_launcher_round"
67-->src\main\AndroidManifest.xml:11:7-52
68        android:theme="@style/AppTheme" >
68-->src\main\AndroidManifest.xml:13:7-38
69        <activity
69-->src\main\AndroidManifest.xml:14:7-25:18
70            android:name="com.plantit.MainActivity"
70-->src\main\AndroidManifest.xml:15:9-37
71            android:configChanges="keyboard|keyboardHidden|orientation|screenLayout|screenSize|smallestScreenSize|uiMode"
71-->src\main\AndroidManifest.xml:17:9-118
72            android:exported="true"
72-->src\main\AndroidManifest.xml:20:9-32
73            android:label="@string/app_name"
73-->src\main\AndroidManifest.xml:16:9-41
74            android:launchMode="singleTask"
74-->src\main\AndroidManifest.xml:18:9-40
75            android:windowSoftInputMode="adjustResize" >
75-->src\main\AndroidManifest.xml:19:9-51
76            <intent-filter>
76-->src\main\AndroidManifest.xml:21:9-24:25
77                <action android:name="android.intent.action.MAIN" />
77-->src\main\AndroidManifest.xml:22:13-65
77-->src\main\AndroidManifest.xml:22:21-62
78
79                <category android:name="android.intent.category.LAUNCHER" />
79-->src\main\AndroidManifest.xml:23:13-73
79-->src\main\AndroidManifest.xml:23:23-70
80            </intent-filter>
81        </activity>
82
83        <meta-data
83-->[:react-native-firebase_app] AndroidManifest.xml:9:9-11:36
84            android:name="app_data_collection_default_enabled"
84-->[:react-native-firebase_app] AndroidManifest.xml:10:13-63
85            android:value="true" />
85-->[:react-native-firebase_app] AndroidManifest.xml:11:13-33
86
87        <service
87-->[:react-native-firebase_app] AndroidManifest.xml:13:9-21:19
88            android:name="com.google.firebase.components.ComponentDiscoveryService"
88-->[:react-native-firebase_app] AndroidManifest.xml:14:13-84
89            android:directBootAware="true"
89-->[:react-native-firebase_app] AndroidManifest.xml:15:13-43
90            android:exported="false" >
90-->[:react-native-firebase_app] AndroidManifest.xml:16:13-37
91            <meta-data
91-->[:react-native-firebase_app] AndroidManifest.xml:18:13-20:85
92                android:name="com.google.firebase.components:io.invertase.firebase.app.ReactNativeFirebaseAppRegistrar"
92-->[:react-native-firebase_app] AndroidManifest.xml:19:17-120
93                android:value="com.google.firebase.components.ComponentRegistrar" />
93-->[:react-native-firebase_app] AndroidManifest.xml:20:17-82
94            <meta-data
94-->[com.google.firebase:firebase-auth:22.3.1] AndroidManifest.xml:69:13-71:85
95                android:name="com.google.firebase.components:com.google.firebase.auth.FirebaseAuthRegistrar"
95-->[com.google.firebase:firebase-auth:22.3.1] AndroidManifest.xml:70:17-109
96                android:value="com.google.firebase.components.ComponentRegistrar" />
96-->[com.google.firebase:firebase-auth:22.3.1] AndroidManifest.xml:71:17-82
97            <meta-data
97-->[com.google.firebase:firebase-storage:20.3.0] AndroidManifest.xml:30:13-32:85
98                android:name="com.google.firebase.components:com.google.firebase.storage.FirebaseStorageKtxRegistrar"
98-->[com.google.firebase:firebase-storage:20.3.0] AndroidManifest.xml:31:17-118
99                android:value="com.google.firebase.components.ComponentRegistrar" />
99-->[com.google.firebase:firebase-storage:20.3.0] AndroidManifest.xml:32:17-82
100            <meta-data
100-->[com.google.firebase:firebase-storage:20.3.0] AndroidManifest.xml:33:13-35:85
101                android:name="com.google.firebase.components:com.google.firebase.storage.StorageRegistrar"
101-->[com.google.firebase:firebase-storage:20.3.0] AndroidManifest.xml:34:17-107
102                android:value="com.google.firebase.components.ComponentRegistrar" />
102-->[com.google.firebase:firebase-storage:20.3.0] AndroidManifest.xml:35:17-82
103            <meta-data
103-->[com.google.firebase:firebase-database:20.3.1] AndroidManifest.xml:29:13-31:85
104                android:name="com.google.firebase.components:com.google.firebase.database.FirebaseDatabaseKtxRegistrar"
104-->[com.google.firebase:firebase-database:20.3.1] AndroidManifest.xml:30:17-120
105                android:value="com.google.firebase.components.ComponentRegistrar" />
105-->[com.google.firebase:firebase-database:20.3.1] AndroidManifest.xml:31:17-82
106            <meta-data
106-->[com.google.firebase:firebase-database:20.3.1] AndroidManifest.xml:32:13-34:85
107                android:name="com.google.firebase.components:com.google.firebase.database.DatabaseRegistrar"
107-->[com.google.firebase:firebase-database:20.3.1] AndroidManifest.xml:33:17-109
108                android:value="com.google.firebase.components.ComponentRegistrar" />
108-->[com.google.firebase:firebase-database:20.3.1] AndroidManifest.xml:34:17-82
109            <meta-data
109-->[com.google.firebase:firebase-appcheck:17.1.2] AndroidManifest.xml:25:13-27:85
110                android:name="com.google.firebase.components:com.google.firebase.appcheck.FirebaseAppCheckKtxRegistrar"
110-->[com.google.firebase:firebase-appcheck:17.1.2] AndroidManifest.xml:26:17-120
111                android:value="com.google.firebase.components.ComponentRegistrar" />
111-->[com.google.firebase:firebase-appcheck:17.1.2] AndroidManifest.xml:27:17-82
112            <meta-data
112-->[com.google.firebase:firebase-appcheck:17.1.2] AndroidManifest.xml:28:13-30:85
113                android:name="com.google.firebase.components:com.google.firebase.appcheck.FirebaseAppCheckRegistrar"
113-->[com.google.firebase:firebase-appcheck:17.1.2] AndroidManifest.xml:29:17-117
114                android:value="com.google.firebase.components.ComponentRegistrar" />
114-->[com.google.firebase:firebase-appcheck:17.1.2] AndroidManifest.xml:30:17-82
115            <meta-data
115-->[com.google.firebase:firebase-common-ktx:20.4.3] AndroidManifest.xml:12:13-14:85
116                android:name="com.google.firebase.components:com.google.firebase.ktx.FirebaseCommonLegacyRegistrar"
116-->[com.google.firebase:firebase-common-ktx:20.4.3] AndroidManifest.xml:13:17-116
117                android:value="com.google.firebase.components.ComponentRegistrar" />
117-->[com.google.firebase:firebase-common-ktx:20.4.3] AndroidManifest.xml:14:17-82
118            <meta-data
118-->[com.google.firebase:firebase-common:20.4.3] AndroidManifest.xml:35:13-37:85
119                android:name="com.google.firebase.components:com.google.firebase.FirebaseCommonKtxRegistrar"
119-->[com.google.firebase:firebase-common:20.4.3] AndroidManifest.xml:36:17-109
120                android:value="com.google.firebase.components.ComponentRegistrar" />
120-->[com.google.firebase:firebase-common:20.4.3] AndroidManifest.xml:37:17-82
121        </service>
122
123        <provider
123-->[:react-native-firebase_app] AndroidManifest.xml:23:9-27:38
124            android:name="io.invertase.firebase.app.ReactNativeFirebaseAppInitProvider"
124-->[:react-native-firebase_app] AndroidManifest.xml:24:13-88
125            android:authorities="com.plantit.reactnativefirebaseappinitprovider"
125-->[:react-native-firebase_app] AndroidManifest.xml:25:13-86
126            android:exported="false"
126-->[:react-native-firebase_app] AndroidManifest.xml:26:13-37
127            android:initOrder="99" />
127-->[:react-native-firebase_app] AndroidManifest.xml:27:13-35
128        <provider
128-->[:react-native-image-picker] AndroidManifest.xml:8:9-16:20
129            android:name="com.imagepicker.ImagePickerProvider"
129-->[:react-native-image-picker] AndroidManifest.xml:9:13-63
130            android:authorities="com.plantit.imagepickerprovider"
130-->[:react-native-image-picker] AndroidManifest.xml:10:13-71
131            android:exported="false"
131-->[:react-native-image-picker] AndroidManifest.xml:11:13-37
132            android:grantUriPermissions="true" >
132-->[:react-native-image-picker] AndroidManifest.xml:12:13-47
133            <meta-data
133-->[:react-native-image-picker] AndroidManifest.xml:13:13-15:70
134                android:name="android.support.FILE_PROVIDER_PATHS"
134-->[:react-native-image-picker] AndroidManifest.xml:14:17-67
135                android:resource="@xml/imagepicker_provider_paths" />
135-->[:react-native-image-picker] AndroidManifest.xml:15:17-67
136        </provider>
137
138        <activity
138-->[:react-native-razorpay] AndroidManifest.xml:8:9-10:86
139            android:name="com.razorpay.CheckoutActivity"
139-->[:react-native-razorpay] AndroidManifest.xml:9:13-57
140            android:configChanges="keyboard|keyboardHidden|orientation|screenSize"
140-->[:react-native-razorpay] AndroidManifest.xml:10:13-83
141            android:exported="false"
141-->[com.razorpay:checkout:1.6.38] AndroidManifest.xml:54:13-37
142            android:theme="@style/CheckoutTheme" >
142-->[com.razorpay:checkout:1.6.38] AndroidManifest.xml:55:13-49
143            <intent-filter>
143-->[com.razorpay:checkout:1.6.38] AndroidManifest.xml:56:13-58:29
144                <action android:name="android.intent.action.MAIN" />
144-->src\main\AndroidManifest.xml:22:13-65
144-->src\main\AndroidManifest.xml:22:21-62
145            </intent-filter>
146        </activity>
147        <activity
147-->[com.google.firebase:firebase-auth:22.3.1] AndroidManifest.xml:29:9-46:20
148            android:name="com.google.firebase.auth.internal.GenericIdpActivity"
148-->[com.google.firebase:firebase-auth:22.3.1] AndroidManifest.xml:30:13-80
149            android:excludeFromRecents="true"
149-->[com.google.firebase:firebase-auth:22.3.1] AndroidManifest.xml:31:13-46
150            android:exported="true"
150-->[com.google.firebase:firebase-auth:22.3.1] AndroidManifest.xml:32:13-36
151            android:launchMode="singleTask"
151-->[com.google.firebase:firebase-auth:22.3.1] AndroidManifest.xml:33:13-44
152            android:theme="@android:style/Theme.Translucent.NoTitleBar" >
152-->[com.google.firebase:firebase-auth:22.3.1] AndroidManifest.xml:34:13-72
153            <intent-filter>
153-->[com.google.firebase:firebase-auth:22.3.1] AndroidManifest.xml:35:13-45:29
154                <action android:name="android.intent.action.VIEW" />
154-->[com.google.firebase:firebase-auth:22.3.1] AndroidManifest.xml:36:17-69
154-->[com.google.firebase:firebase-auth:22.3.1] AndroidManifest.xml:36:25-66
155
156                <category android:name="android.intent.category.DEFAULT" />
156-->[com.google.firebase:firebase-auth:22.3.1] AndroidManifest.xml:38:17-76
156-->[com.google.firebase:firebase-auth:22.3.1] AndroidManifest.xml:38:27-73
157                <category android:name="android.intent.category.BROWSABLE" />
157-->[com.google.firebase:firebase-auth:22.3.1] AndroidManifest.xml:39:17-78
157-->[com.google.firebase:firebase-auth:22.3.1] AndroidManifest.xml:39:27-75
158
159                <data
159-->[com.google.firebase:firebase-auth:22.3.1] AndroidManifest.xml:41:17-44:51
160                    android:host="firebase.auth"
160-->[com.google.firebase:firebase-auth:22.3.1] AndroidManifest.xml:42:21-49
161                    android:path="/"
161-->[com.google.firebase:firebase-auth:22.3.1] AndroidManifest.xml:43:21-37
162                    android:scheme="genericidp" />
162-->[com.google.firebase:firebase-auth:22.3.1] AndroidManifest.xml:44:21-48
163            </intent-filter>
164        </activity>
165        <activity
165-->[com.google.firebase:firebase-auth:22.3.1] AndroidManifest.xml:47:9-64:20
166            android:name="com.google.firebase.auth.internal.RecaptchaActivity"
166-->[com.google.firebase:firebase-auth:22.3.1] AndroidManifest.xml:48:13-79
167            android:excludeFromRecents="true"
167-->[com.google.firebase:firebase-auth:22.3.1] AndroidManifest.xml:49:13-46
168            android:exported="true"
168-->[com.google.firebase:firebase-auth:22.3.1] AndroidManifest.xml:50:13-36
169            android:launchMode="singleTask"
169-->[com.google.firebase:firebase-auth:22.3.1] AndroidManifest.xml:51:13-44
170            android:theme="@android:style/Theme.Translucent.NoTitleBar" >
170-->[com.google.firebase:firebase-auth:22.3.1] AndroidManifest.xml:52:13-72
171            <intent-filter>
171-->[com.google.firebase:firebase-auth:22.3.1] AndroidManifest.xml:53:13-63:29
172                <action android:name="android.intent.action.VIEW" />
172-->[com.google.firebase:firebase-auth:22.3.1] AndroidManifest.xml:36:17-69
172-->[com.google.firebase:firebase-auth:22.3.1] AndroidManifest.xml:36:25-66
173
174                <category android:name="android.intent.category.DEFAULT" />
174-->[com.google.firebase:firebase-auth:22.3.1] AndroidManifest.xml:38:17-76
174-->[com.google.firebase:firebase-auth:22.3.1] AndroidManifest.xml:38:27-73
175                <category android:name="android.intent.category.BROWSABLE" />
175-->[com.google.firebase:firebase-auth:22.3.1] AndroidManifest.xml:39:17-78
175-->[com.google.firebase:firebase-auth:22.3.1] AndroidManifest.xml:39:27-75
176
177                <data
177-->[com.google.firebase:firebase-auth:22.3.1] AndroidManifest.xml:41:17-44:51
178                    android:host="firebase.auth"
178-->[com.google.firebase:firebase-auth:22.3.1] AndroidManifest.xml:42:21-49
179                    android:path="/"
179-->[com.google.firebase:firebase-auth:22.3.1] AndroidManifest.xml:43:21-37
180                    android:scheme="recaptcha" />
180-->[com.google.firebase:firebase-auth:22.3.1] AndroidManifest.xml:44:21-48
181            </intent-filter>
182        </activity>
183
184        <receiver
184-->[com.razorpay:checkout:1.6.38] AndroidManifest.xml:42:9-49:20
185            android:name="com.razorpay.RzpTokenReceiver"
185-->[com.razorpay:checkout:1.6.38] AndroidManifest.xml:43:13-57
186            android:exported="true" >
186-->[com.razorpay:checkout:1.6.38] AndroidManifest.xml:44:13-36
187            <intent-filter>
187-->[com.razorpay:checkout:1.6.38] AndroidManifest.xml:46:13-48:29
188                <action android:name="rzp.device_token.share" />
188-->[com.razorpay:checkout:1.6.38] AndroidManifest.xml:37:13-61
188-->[com.razorpay:checkout:1.6.38] AndroidManifest.xml:37:21-58
189            </intent-filter>
190        </receiver>
191
192        <meta-data
192-->[com.razorpay:checkout:1.6.38] AndroidManifest.xml:61:9-63:58
193            android:name="com.razorpay.plugin.googlepay_all"
193-->[com.razorpay:checkout:1.6.38] AndroidManifest.xml:62:13-61
194            android:value="com.razorpay.RzpGpayMerged" />
194-->[com.razorpay:checkout:1.6.38] AndroidManifest.xml:63:13-55
195
196        <activity
196-->[com.google.android.gms:play-services-auth:21.0.0] AndroidManifest.xml:23:9-27:75
197            android:name="com.google.android.gms.auth.api.signin.internal.SignInHubActivity"
197-->[com.google.android.gms:play-services-auth:21.0.0] AndroidManifest.xml:24:13-93
198            android:excludeFromRecents="true"
198-->[com.google.android.gms:play-services-auth:21.0.0] AndroidManifest.xml:25:13-46
199            android:exported="false"
199-->[com.google.android.gms:play-services-auth:21.0.0] AndroidManifest.xml:26:13-37
200            android:theme="@android:style/Theme.Translucent.NoTitleBar" />
200-->[com.google.android.gms:play-services-auth:21.0.0] AndroidManifest.xml:27:13-72
201        <!--
202            Service handling Google Sign-In user revocation. For apps that do not integrate with
203            Google Sign-In, this service will never be started.
204        -->
205        <service
205-->[com.google.android.gms:play-services-auth:21.0.0] AndroidManifest.xml:33:9-37:51
206            android:name="com.google.android.gms.auth.api.signin.RevocationBoundService"
206-->[com.google.android.gms:play-services-auth:21.0.0] AndroidManifest.xml:34:13-89
207            android:exported="true"
207-->[com.google.android.gms:play-services-auth:21.0.0] AndroidManifest.xml:35:13-36
208            android:permission="com.google.android.gms.auth.api.signin.permission.REVOCATION_NOTIFICATION"
208-->[com.google.android.gms:play-services-auth:21.0.0] AndroidManifest.xml:36:13-107
209            android:visibleToInstantApps="true" />
209-->[com.google.android.gms:play-services-auth:21.0.0] AndroidManifest.xml:37:13-48
210
211        <provider
211-->[com.google.firebase:firebase-common:20.4.3] AndroidManifest.xml:23:9-28:39
212            android:name="com.google.firebase.provider.FirebaseInitProvider"
212-->[com.google.firebase:firebase-common:20.4.3] AndroidManifest.xml:24:13-77
213            android:authorities="com.plantit.firebaseinitprovider"
213-->[com.google.firebase:firebase-common:20.4.3] AndroidManifest.xml:25:13-72
214            android:directBootAware="true"
214-->[com.google.firebase:firebase-common:20.4.3] AndroidManifest.xml:26:13-43
215            android:exported="false"
215-->[com.google.firebase:firebase-common:20.4.3] AndroidManifest.xml:27:13-37
216            android:initOrder="100" /> <!-- Needs to be explicitly declared on P+ -->
216-->[com.google.firebase:firebase-common:20.4.3] AndroidManifest.xml:28:13-36
217        <uses-library
217-->[com.google.android.gms:play-services-maps:17.0.0] AndroidManifest.xml:33:9-35:40
218            android:name="org.apache.http.legacy"
218-->[com.google.android.gms:play-services-maps:17.0.0] AndroidManifest.xml:34:13-50
219            android:required="false" />
219-->[com.google.android.gms:play-services-maps:17.0.0] AndroidManifest.xml:35:13-37
220
221        <activity
221-->[com.google.android.gms:play-services-base:18.1.0] AndroidManifest.xml:20:9-22:45
222            android:name="com.google.android.gms.common.api.GoogleApiActivity"
222-->[com.google.android.gms:play-services-base:18.1.0] AndroidManifest.xml:20:19-85
223            android:exported="false"
223-->[com.google.android.gms:play-services-base:18.1.0] AndroidManifest.xml:22:19-43
224            android:theme="@android:style/Theme.Translucent.NoTitleBar" />
224-->[com.google.android.gms:play-services-base:18.1.0] AndroidManifest.xml:21:19-78
225
226        <meta-data
226-->[com.google.android.gms:play-services-basement:18.3.0] AndroidManifest.xml:21:9-23:69
227            android:name="com.google.android.gms.version"
227-->[com.google.android.gms:play-services-basement:18.3.0] AndroidManifest.xml:22:13-58
228            android:value="@integer/google_play_services_version" />
228-->[com.google.android.gms:play-services-basement:18.3.0] AndroidManifest.xml:23:13-66
229
230        <provider
230-->[androidx.emoji2:emoji2:1.2.0] AndroidManifest.xml:24:9-32:20
231            android:name="androidx.startup.InitializationProvider"
231-->[androidx.emoji2:emoji2:1.2.0] AndroidManifest.xml:25:13-67
232            android:authorities="com.plantit.androidx-startup"
232-->[androidx.emoji2:emoji2:1.2.0] AndroidManifest.xml:26:13-68
233            android:exported="false" >
233-->[androidx.emoji2:emoji2:1.2.0] AndroidManifest.xml:27:13-37
234            <meta-data
234-->[androidx.emoji2:emoji2:1.2.0] AndroidManifest.xml:29:13-31:52
235                android:name="androidx.emoji2.text.EmojiCompatInitializer"
235-->[androidx.emoji2:emoji2:1.2.0] AndroidManifest.xml:30:17-75
236                android:value="androidx.startup" />
236-->[androidx.emoji2:emoji2:1.2.0] AndroidManifest.xml:31:17-49
237            <meta-data
237-->[androidx.lifecycle:lifecycle-process:2.4.1] AndroidManifest.xml:31:13-33:52
238                android:name="androidx.lifecycle.ProcessLifecycleInitializer"
238-->[androidx.lifecycle:lifecycle-process:2.4.1] AndroidManifest.xml:32:17-78
239                android:value="androidx.startup" />
239-->[androidx.lifecycle:lifecycle-process:2.4.1] AndroidManifest.xml:33:17-49
240        </provider>
241
242        <meta-data
242-->[com.facebook.soloader:soloader:0.10.5] AndroidManifest.xml:12:9-14:37
243            android:name="com.facebook.soloader.enabled"
243-->[com.facebook.soloader:soloader:0.10.5] AndroidManifest.xml:13:13-57
244            android:value="false" />
244-->[com.facebook.soloader:soloader:0.10.5] AndroidManifest.xml:14:13-34
245    </application>
246
247</manifest>